0 info it worked if it ends with ok
1 verbose cli [ 'C:\\Program Files\\nodejs\\node.exe',
1 verbose cli   'C:\\Program Files\\nodejs\\node_modules\\npm\\bin\\npm-cli.js',
1 verbose cli   'login' ]
2 info using npm@2.14.4
3 info using node@v4.1.1
4 verbose adduser before first PUT { _id: 'org.couchdb.user:seiyarus',
4 verbose adduser   name: 'seiyarus',
4 verbose adduser   password: 'XXXXX',
4 verbose adduser   email: 'seiyarus@gmail.com',
4 verbose adduser   type: 'user',
4 verbose adduser   roles: [],
4 verbose adduser   date: '2015-10-07T14:25:44.902Z' }
5 verbose request uri https://store.polymont-itservices.fr/api/npm/npm-virtual/-/user/org.couchdb.user:seiyarus
6 verbose request new user, so can't send auth
7 info attempt registry request try #1 at 16:25:44
8 verbose request id 56507d770dc81cfe
9 http request PUT https://store.polymont-itservices.fr/api/npm/npm-virtual/-/user/org.couchdb.user:seiyarus
10 http 404 https://store.polymont-itservices.fr/api/npm/npm-virtual/-/user/org.couchdb.user:seiyarus
11 verbose headers { date: 'Wed, 07 Oct 2015 14:25:48 GMT',
11 verbose headers   server: 'Artifactory/3.9.1',
11 verbose headers   'x-artifactory-id': '3a2af35b1d4175ec:-1fddeb83:14fcb2d877b:-8000',
11 verbose headers   'content-type': 'application/json',
11 verbose headers   'keep-alive': 'timeout=5, max=100',
11 verbose headers   connection: 'Keep-Alive',
11 verbose headers   'transfer-encoding': 'chunked' }
12 verbose request invalidating E:\Users\julien.fournier\AppData\Roaming\npm-cache\store.polymont-itservices.fr\api\npm\npm-virtual\-\user\org.couchdb.user_3Aseiyarus on PUT
13 verbose adduser back [ { [Error: Registry returned 404 for PUT on https://store.polymont-itservices.fr/api/npm/npm-virtual/-/user/org.couchdb.user:seiyarus] pkgid: 'api', statusCode: 404, code: 'E404' },
13 verbose adduser   { errors: [ [Object] ] },
13 verbose adduser   '{"errors":[{"status":404,"message":"Not Found"}]}' ]
14 verbose stack Error: Registry returned 404 for PUT on https://store.polymont-itservices.fr/api/npm/npm-virtual/-/user/org.couchdb.user:seiyarus
14 verbose stack     at makeError (C:\Program Files\nodejs\node_modules\npm\node_modules\npm-registry-client\lib\request.js:263:12)
14 verbose stack     at CachingRegistryClient.<anonymous> (C:\Program Files\nodejs\node_modules\npm\node_modules\npm-registry-client\lib\request.js:241:14)
14 verbose stack     at Request._callback (C:\Program Files\nodejs\node_modules\npm\node_modules\npm-registry-client\lib\request.js:171:14)
14 verbose stack     at Request.self.callback (C:\Program Files\nodejs\node_modules\npm\node_modules\request\request.js:198:22)
14 verbose stack     at emitTwo (events.js:87:13)
14 verbose stack     at Request.emit (events.js:172:7)
14 verbose stack     at Request.<anonymous> (C:\Program Files\nodejs\node_modules\npm\node_modules\request\request.js:1073:14)
14 verbose stack     at emitOne (events.js:82:20)
14 verbose stack     at Request.emit (events.js:169:7)
14 verbose stack     at IncomingMessage.<anonymous> (C:\Program Files\nodejs\node_modules\npm\node_modules\request\request.js:1019:12)
15 verbose statusCode 404
16 verbose pkgid api
17 verbose cwd E:\Projets\Perso\french-holidays
18 error Windows_NT 6.1.7601
19 error argv "C:\\Program Files\\nodejs\\node.exe" "C:\\Program Files\\nodejs\\node_modules\\npm\\bin\\npm-cli.js" "login"
20 error node v4.1.1
21 error npm  v2.14.4
22 error code E404
23 error 404 Registry returned 404 for PUT on https://store.polymont-itservices.fr/api/npm/npm-virtual/-/user/org.couchdb.user:seiyarus
23 error 404
23 error 404 'api' is not in the npm registry.
23 error 404 You should bug the author to publish it (or use the name yourself!)
23 error 404
23 error 404 Note that you can also install from a
23 error 404 tarball, folder, http url, or git url.
24 verbose exit [ 1, true ]
